<?xml version="1.0" encoding="UTF-8"?>
<!-- Generated by org.testng.reporters.JUnitXMLReporter -->
<testsuite ignored="0" hostname="Mintu-Yoga" failures="1" tests="1" name="Test" time="5.433" errors="0" timestamp="2025-09-05T22:26:07 IST">
  <testcase classname="testCases.AdminTestCases" name="addUser" time="1.295">
    <failure type="java.lang.NullPointerException" message="Cannot invoke &amp;quot;pageObjects.AdminPageObjects.navigateToAdmin()&amp;quot; because &amp;quot;this.adminpage&amp;quot; is null">
      <![CDATA[java.lang.NullPointerException: Cannot invoke "pageObjects.AdminPageObjects.navigateToAdmin()" because "this.adminpage" is null
at testCases.AdminTestCases.addUser(AdminTestCases.java:36)
at java.base/java.util.ArrayList.forEach(ArrayList.java:1511)
... Removed 27 stack frames]]>
    </failure>
  </testcase> <!-- addUser -->
</testsuite> <!-- Test -->
